<?xml version="1.0" encoding="UTF-8"?>
<testsuite xmlns:xsi="http://www.w3.org/2001/XMLSchema-instance" xsi:noNamespaceSchemaLocation="https://maven.apache.org/surefire/maven-surefire-plugin/xsd/surefire-test-report-3.0.xsd" version="3.0" name="com.innovatech.demo.CoursesControllerIntegrationTest" time="6.445" tests="5" errors="0" skipped="0" failures="0">
  <properties>
    <property name="java.specification.version" value="21"/>
    <property name="sun.jnu.encoding" value="UTF-8"/>
    <property name="java.class.path" value="/Users/sophiaaristizabal/Documents/GitHub/back-admin/demo/target/test-classes:/Users/sophiaaristizabal/Documents/GitHub/back-admin/demo/target/classes:/Users/sophiaaristizabal/.m2/repository/org/springframework/boot/spring-boot-starter-data-jpa/3.3.4/spring-boot-starter-data-jpa-3.3.4.jar:/Users/sophiaaristizabal/.m2/repository/org/springframework/boot/spring-boot-starter-aop/3.3.4/spring-boot-starter-aop-3.3.4.jar:/Users/sophiaaristizabal/.m2/repository/org/aspectj/aspectjweaver/1.9.22.1/aspectjweaver-1.9.22.1.jar:/Users/sophiaaristizabal/.m2/repository/org/springframework/boot/spring-boot-starter-jdbc/3.3.4/spring-boot-starter-jdbc-3.3.4.jar:/Users/sophiaaristizabal/.m2/repository/com/zaxxer/HikariCP/5.1.0/HikariCP-5.1.0.jar:/Users/sophiaaristizabal/.m2/repository/org/springframework/spring-jdbc/6.1.13/spring-jdbc-6.1.13.jar:/Users/sophiaaristizabal/.m2/repository/org/hibernate/orm/hibernate-core/6.5.3.Final/hibernate-core-6.5.3.Final.jar:/Users/sophiaaristizabal/.m2/repository/jakarta/persistence/jakarta.persistence-api/3.1.0/jakarta.persistence-api-3.1.0.jar:/Users/sophiaaristizabal/.m2/repository/jakarta/transaction/jakarta.transaction-api/2.0.1/jakarta.transaction-api-2.0.1.jar:/Users/sophiaaristizabal/.m2/repository/org/jboss/logging/jboss-logging/3.5.3.Final/jboss-logging-3.5.3.Final.jar:/Users/sophiaaristizabal/.m2/repository/org/hibernate/common/hibernate-commons-annotations/6.0.6.Final/hibernate-commons-annotations-6.0.6.Final.jar:/Users/sophiaaristizabal/.m2/repository/io/smallrye/jandex/3.1.2/jandex-3.1.2.jar:/Users/sophiaaristizabal/.m2/repository/com/fasterxml/classmate/1.7.0/classmate-1.7.0.jar:/Users/sophiaaristizabal/.m2/repository/org/glassfish/jaxb/jaxb-runtime/4.0.5/jaxb-runtime-4.0.5.jar:/Users/sophiaaristizabal/.m2/repository/org/glassfish/jaxb/jaxb-core/4.0.5/jaxb-core-4.0.5.jar:/Users/sophiaaristizabal/.m2/repository/org/eclipse/angus/angus-activation/2.0.2/angus-activation-2.0.2.jar:/Users/sophiaaristizabal/.m2/repository/org/glassfish/jaxb/txw2/4.0.5/txw2-4.0.5.jar:/Users/sophiaaristizabal/.m2/repository/com/sun/istack/istack-commons-runtime/4.1.2/istack-commons-runtime-4.1.2.jar:/Users/sophiaaristizabal/.m2/repository/jakarta/inject/jakarta.inject-api/2.0.1/jakarta.inject-api-2.0.1.jar:/Users/sophiaaristizabal/.m2/repository/org/antlr/antlr4-runtime/4.13.0/antlr4-runtime-4.13.0.jar:/Users/sophiaaristizabal/.m2/repository/org/springframework/data/spring-data-jpa/3.3.4/spring-data-jpa-3.3.4.jar:/Users/sophiaaristizabal/.m2/repository/org/springframework/data/spring-data-commons/3.3.4/spring-data-commons-3.3.4.jar:/Users/sophiaaristizabal/.m2/repository/org/springframework/spring-orm/6.1.13/spring-orm-6.1.13.jar:/Users/sophiaaristizabal/.m2/repository/org/springframework/spring-context/6.1.13/spring-context-6.1.13.jar:/Users/sophiaaristizabal/.m2/repository/org/springframework/spring-tx/6.1.13/spring-tx-6.1.13.jar:/Users/sophiaaristizabal/.m2/repository/org/springframework/spring-beans/6.1.13/spring-beans-6.1.13.jar:/Users/sophiaaristizabal/.m2/repository/jakarta/annotation/jakarta.annotation-api/2.1.1/jakarta.annotation-api-2.1.1.jar:/Users/sophiaaristizabal/.m2/repository/org/slf4j/slf4j-api/2.0.16/slf4j-api-2.0.16.jar:/Users/sophiaaristizabal/.m2/repository/org/springframework/spring-aspects/6.1.13/spring-aspects-6.1.13.jar:/Users/sophiaaristizabal/.m2/repository/org/springframework/boot/spring-boot-starter-web/3.3.4/spring-boot-starter-web-3.3.4.jar:/Users/sophiaaristizabal/.m2/repository/org/springframework/boot/spring-boot-starter/3.3.4/spring-boot-starter-3.3.4.jar:/Users/sophiaaristizabal/.m2/repository/org/springframework/boot/spring-boot-starter-logging/3.3.4/spring-boot-starter-logging-3.3.4.jar:/Users/sophiaaristizabal/.m2/repository/ch/qos/logback/logback-classic/1.5.8/logback-classic-1.5.8.jar:/Users/sophiaaristizabal/.m2/repository/ch/qos/logback/logback-core/1.5.8/logback-core-1.5.8.jar:/Users/sophiaaristizabal/.m2/repository/org/apache/logging/log4j/log4j-to-slf4j/2.23.1/log4j-to-slf4j-2.23.1.jar:/Users/sophiaaristizabal/.m2/repository/org/apache/logging/log4j/log4j-api/2.23.1/log4j-api-2.23.1.jar:/Users/sophiaaristizabal/.m2/repository/org/slf4j/jul-to-slf4j/2.0.16/jul-to-slf4j-2.0.16.jar:/Users/sophiaaristizabal/.m2/repository/org/yaml/snakeyaml/2.2/snakeyaml-2.2.jar:/Users/sophiaaristizabal/.m2/repository/org/springframework/boot/spring-boot-starter-json/3.3.4/spring-boot-starter-json-3.3.4.jar:/Users/sophiaaristizabal/.m2/repository/com/fasterxml/jackson/datatype/jackson-datatype-jdk8/2.17.2/jackson-datatype-jdk8-2.17.2.jar:/Users/sophiaaristizabal/.m2/repository/com/fasterxml/jackson/datatype/jackson-datatype-jsr310/2.17.2/jackson-datatype-jsr310-2.17.2.jar:/Users/sophiaaristizabal/.m2/repository/com/fasterxml/jackson/module/jackson-module-parameter-names/2.17.2/jackson-module-parameter-names-2.17.2.jar:/Users/sophiaaristizabal/.m2/repository/org/springframework/boot/spring-boot-starter-tomcat/3.3.4/spring-boot-starter-tomcat-3.3.4.jar:/Users/sophiaaristizabal/.m2/repository/org/apache/tomcat/embed/tomcat-embed-core/10.1.30/tomcat-embed-core-10.1.30.jar:/Users/sophiaaristizabal/.m2/repository/org/apache/tomcat/embed/tomcat-embed-el/10.1.30/tomcat-embed-el-10.1.30.jar:/Users/sophiaaristizabal/.m2/repository/org/apache/tomcat/embed/tomcat-embed-websocket/10.1.30/tomcat-embed-websocket-10.1.30.jar:/Users/sophiaaristizabal/.m2/repository/org/springframework/spring-web/6.1.13/spring-web-6.1.13.jar:/Users/sophiaaristizabal/.m2/repository/io/micrometer/micrometer-observation/1.13.4/micrometer-observation-1.13.4.jar:/Users/sophiaaristizabal/.m2/repository/io/micrometer/micrometer-commons/1.13.4/micrometer-commons-1.13.4.jar:/Users/sophiaaristizabal/.m2/repository/org/springframework/spring-webmvc/6.1.13/spring-webmvc-6.1.13.jar:/Users/sophiaaristizabal/.m2/repository/org/springframework/spring-expression/6.1.13/spring-expression-6.1.13.jar:/Users/sophiaaristizabal/.m2/repository/javax/validation/validation-api/2.0.1.Final/validation-api-2.0.1.Final.jar:/Users/sophiaaristizabal/.m2/repository/org/springframework/boot/spring-boot-devtools/3.3.4/spring-boot-devtools-3.3.4.jar:/Users/sophiaaristizabal/.m2/repository/org/springframework/boot/spring-boot/3.3.4/spring-boot-3.3.4.jar:/Users/sophiaaristizabal/.m2/repository/org/springframework/boot/spring-boot-autoconfigure/3.3.4/spring-boot-autoconfigure-3.3.4.jar:/Users/sophiaaristizabal/.m2/repository/org/projectlombok/lombok/1.18.34/lombok-1.18.34.jar:/Users/sophiaaristizabal/.m2/repository/org/springframework/boot/spring-boot-starter-test/3.3.4/spring-boot-starter-test-3.3.4.jar:/Users/sophiaaristizabal/.m2/repository/org/springframework/boot/spring-boot-test/3.3.4/spring-boot-test-3.3.4.jar:/Users/sophiaaristizabal/.m2/repository/org/springframework/boot/spring-boot-test-autoconfigure/3.3.4/spring-boot-test-autoconfigure-3.3.4.jar:/Users/sophiaaristizabal/.m2/repository/com/jayway/jsonpath/json-path/2.9.0/json-path-2.9.0.jar:/Users/sophiaaristizabal/.m2/repository/jakarta/xml/bind/jakarta.xml.bind-api/4.0.2/jakarta.xml.bind-api-4.0.2.jar:/Users/sophiaaristizabal/.m2/repository/jakarta/activation/jakarta.activation-api/2.1.3/jakarta.activation-api-2.1.3.jar:/Users/sophiaaristizabal/.m2/repository/net/minidev/json-smart/2.5.1/json-smart-2.5.1.jar:/Users/sophiaaristizabal/.m2/repository/net/minidev/accessors-smart/2.5.1/accessors-smart-2.5.1.jar:/Users/sophiaaristizabal/.m2/repository/org/ow2/asm/asm/9.6/asm-9.6.jar:/Users/sophiaaristizabal/.m2/repository/org/assertj/assertj-core/3.25.3/assertj-core-3.25.3.jar:/Users/sophiaaristizabal/.m2/repository/org/awaitility/awaitility/4.2.2/awaitility-4.2.2.jar:/Users/sophiaaristizabal/.m2/repository/org/hamcrest/hamcrest/2.2/hamcrest-2.2.jar:/Users/sophiaaristizabal/.m2/repository/org/junit/jupiter/junit-jupiter/5.10.3/junit-jupiter-5.10.3.jar:/Users/sophiaaristizabal/.m2/repository/org/junit/jupiter/junit-jupiter-api/5.10.3/junit-jupiter-api-5.10.3.jar:/Users/sophiaaristizabal/.m2/repository/org/opentest4j/opentest4j/1.3.0/opentest4j-1.3.0.jar:/Users/sophiaaristizabal/.m2/repository/org/junit/platform/junit-platform-commons/1.10.3/junit-platform-commons-1.10.3.jar:/Users/sophiaaristizabal/.m2/repository/org/apiguardian/apiguardian-api/1.1.2/apiguardian-api-1.1.2.jar:/Users/sophiaaristizabal/.m2/repository/org/junit/jupiter/junit-jupiter-params/5.10.3/junit-jupiter-params-5.10.3.jar:/Users/sophiaaristizabal/.m2/repository/org/junit/jupiter/junit-jupiter-engine/5.10.3/junit-jupiter-engine-5.10.3.jar:/Users/sophiaaristizabal/.m2/repository/org/junit/platform/junit-platform-engine/1.10.3/junit-platform-engine-1.10.3.jar:/Users/sophiaaristizabal/.m2/repository/org/mockito/mockito-junit-jupiter/5.11.0/mockito-junit-jupiter-5.11.0.jar:/Users/sophiaaristizabal/.m2/repository/org/skyscreamer/jsonassert/1.5.3/jsonassert-1.5.3.jar:/Users/sophiaaristizabal/.m2/repository/com/vaadin/external/google/android-json/0.0.20131108.vaadin1/android-json-0.0.20131108.vaadin1.jar:/Users/sophiaaristizabal/.m2/repository/org/springframework/spring-core/6.1.13/spring-core-6.1.13.jar:/Users/sophiaaristizabal/.m2/repository/org/springframework/spring-jcl/6.1.13/spring-jcl-6.1.13.jar:/Users/sophiaaristizabal/.m2/repository/org/springframework/spring-test/6.1.13/spring-test-6.1.13.jar:/Users/sophiaaristizabal/.m2/repository/org/xmlunit/xmlunit-core/2.9.1/xmlunit-core-2.9.1.jar:/Users/sophiaaristizabal/.m2/repository/org/springframework/security/spring-security-test/6.1.5/spring-security-test-6.1.5.jar:/Users/sophiaaristizabal/.m2/repository/org/springframework/security/spring-security-core/6.1.5/spring-security-core-6.1.5.jar:/Users/sophiaaristizabal/.m2/repository/org/springframework/security/spring-security-crypto/6.1.5/spring-security-crypto-6.1.5.jar:/Users/sophiaaristizabal/.m2/repository/org/springframework/security/spring-security-web/6.1.5/spring-security-web-6.1.5.jar:/Users/sophiaaristizabal/.m2/repository/com/h2database/h2/2.2.224/h2-2.2.224.jar:/Users/sophiaaristizabal/.m2/repository/org/postgresql/postgresql/42.7.4/postgresql-42.7.4.jar:/Users/sophiaaristizabal/.m2/repository/org/checkerframework/checker-qual/3.42.0/checker-qual-3.42.0.jar:/Users/sophiaaristizabal/.m2/repository/org/springdoc/springdoc-openapi-starter-webmvc-ui/2.1.0/springdoc-openapi-starter-webmvc-ui-2.1.0.jar:/Users/sophiaaristizabal/.m2/repository/org/springdoc/springdoc-openapi-starter-webmvc-api/2.1.0/springdoc-openapi-starter-webmvc-api-2.1.0.jar:/Users/sophiaaristizabal/.m2/repository/org/springdoc/springdoc-openapi-starter-common/2.1.0/springdoc-openapi-starter-common-2.1.0.jar:/Users/sophiaaristizabal/.m2/repository/io/swagger/core/v3/swagger-core-jakarta/2.2.9/swagger-core-jakarta-2.2.9.jar:/Users/sophiaaristizabal/.m2/repository/org/apache/commons/commons-lang3/3.14.0/commons-lang3-3.14.0.jar:/Users/sophiaaristizabal/.m2/repository/io/swagger/core/v3/swagger-annotations-jakarta/2.2.9/swagger-annotations-jakarta-2.2.9.jar:/Users/sophiaaristizabal/.m2/repository/io/swagger/core/v3/swagger-models-jakarta/2.2.9/swagger-models-jakarta-2.2.9.jar:/Users/sophiaaristizabal/.m2/repository/jakarta/validation/jakarta.validation-api/3.0.2/jakarta.validation-api-3.0.2.jar:/Users/sophiaaristizabal/.m2/repository/com/fasterxml/jackson/dataformat/jackson-dataformat-yaml/2.17.2/jackson-dataformat-yaml-2.17.2.jar:/Users/sophiaaristizabal/.m2/repository/org/webjars/swagger-ui/4.18.2/swagger-ui-4.18.2.jar:/Users/sophiaaristizabal/.m2/repository/org/mockito/mockito-core/5.11.0/mockito-core-5.11.0.jar:/Users/sophiaaristizabal/.m2/repository/net/bytebuddy/byte-buddy/1.14.19/byte-buddy-1.14.19.jar:/Users/sophiaaristizabal/.m2/repository/net/bytebuddy/byte-buddy-agent/1.14.19/byte-buddy-agent-1.14.19.jar:/Users/sophiaaristizabal/.m2/repository/org/objenesis/objenesis/3.3/objenesis-3.3.jar:/Users/sophiaaristizabal/.m2/repository/com/fasterxml/jackson/core/jackson-databind/2.17.2/jackson-databind-2.17.2.jar:/Users/sophiaaristizabal/.m2/repository/com/fasterxml/jackson/core/jackson-core/2.17.2/jackson-core-2.17.2.jar:/Users/sophiaaristizabal/.m2/repository/com/fasterxml/jackson/core/jackson-annotations/2.17.2/jackson-annotations-2.17.2.jar:/Users/sophiaaristizabal/.m2/repository/org/springframework/boot/spring-boot-starter-security/3.3.4/spring-boot-starter-security-3.3.4.jar:/Users/sophiaaristizabal/.m2/repository/org/springframework/spring-aop/6.1.13/spring-aop-6.1.13.jar:/Users/sophiaaristizabal/.m2/repository/org/springframework/security/spring-security-config/6.1.5/spring-security-config-6.1.5.jar:/Users/sophiaaristizabal/.m2/repository/io/jsonwebtoken/jjwt-impl/0.11.5/jjwt-impl-0.11.5.jar:/Users/sophiaaristizabal/.m2/repository/io/jsonwebtoken/jjwt-api/0.11.5/jjwt-api-0.11.5.jar:/Users/sophiaaristizabal/.m2/repository/io/jsonwebtoken/jjwt-jackson/0.11.5/jjwt-jackson-0.11.5.jar:"/>
    <property name="java.vm.vendor" value="Homebrew"/>
    <property name="sun.arch.data.model" value="64"/>
    <property name="catalina.useNaming" value="false"/>
    <property name="java.vendor.url" value="https://github.com/Homebrew/homebrew-core/issues"/>
    <property name="user.timezone" value="America/Bogota"/>
    <property name="org.jboss.logging.provider" value="slf4j"/>
    <property name="os.name" value="Mac OS X"/>
    <property name="java.vm.specification.version" value="21"/>
    <property name="sun.java.launcher" value="SUN_STANDARD"/>
    <property name="user.country" value="CO"/>
    <property name="sun.boot.library.path" value="/opt/homebrew/Cellar/openjdk/21.0.1/libexec/openjdk.jdk/Contents/Home/lib"/>
    <property name="sun.java.command" value="/Users/sophiaaristizabal/Documents/GitHub/back-admin/demo/target/surefire/surefirebooter-20241003194718374_3.jar /Users/sophiaaristizabal/Documents/GitHub/back-admin/demo/target/surefire 2024-10-03T19-47-18_311-jvmRun1 surefire-20241003194718374_1tmp surefire_0-20241003194718374_2tmp"/>
    <property name="http.nonProxyHosts" value="local|*.local|169.254/16|*.169.254/16"/>
    <property name="jdk.debug" value="release"/>
    <property name="test" value="CoursesControllerIntegrationTest"/>
    <property name="surefire.test.class.path" value="/Users/sophiaaristizabal/Documents/GitHub/back-admin/demo/target/test-classes:/Users/sophiaaristizabal/Documents/GitHub/back-admin/demo/target/classes:/Users/sophiaaristizabal/.m2/repository/org/springframework/boot/spring-boot-starter-data-jpa/3.3.4/spring-boot-starter-data-jpa-3.3.4.jar:/Users/sophiaaristizabal/.m2/repository/org/springframework/boot/spring-boot-starter-aop/3.3.4/spring-boot-starter-aop-3.3.4.jar:/Users/sophiaaristizabal/.m2/repository/org/aspectj/aspectjweaver/1.9.22.1/aspectjweaver-1.9.22.1.jar:/Users/sophiaaristizabal/.m2/repository/org/springframework/boot/spring-boot-starter-jdbc/3.3.4/spring-boot-starter-jdbc-3.3.4.jar:/Users/sophiaaristizabal/.m2/repository/com/zaxxer/HikariCP/5.1.0/HikariCP-5.1.0.jar:/Users/sophiaaristizabal/.m2/repository/org/springframework/spring-jdbc/6.1.13/spring-jdbc-6.1.13.jar:/Users/sophiaaristizabal/.m2/repository/org/hibernate/orm/hibernate-core/6.5.3.Final/hibernate-core-6.5.3.Final.jar:/Users/sophiaaristizabal/.m2/repository/jakarta/persistence/jakarta.persistence-api/3.1.0/jakarta.persistence-api-3.1.0.jar:/Users/sophiaaristizabal/.m2/repository/jakarta/transaction/jakarta.transaction-api/2.0.1/jakarta.transaction-api-2.0.1.jar:/Users/sophiaaristizabal/.m2/repository/org/jboss/logging/jboss-logging/3.5.3.Final/jboss-logging-3.5.3.Final.jar:/Users/sophiaaristizabal/.m2/repository/org/hibernate/common/hibernate-commons-annotations/6.0.6.Final/hibernate-commons-annotations-6.0.6.Final.jar:/Users/sophiaaristizabal/.m2/repository/io/smallrye/jandex/3.1.2/jandex-3.1.2.jar:/Users/sophiaaristizabal/.m2/repository/com/fasterxml/classmate/1.7.0/classmate-1.7.0.jar:/Users/sophiaaristizabal/.m2/repository/org/glassfish/jaxb/jaxb-runtime/4.0.5/jaxb-runtime-4.0.5.jar:/Users/sophiaaristizabal/.m2/repository/org/glassfish/jaxb/jaxb-core/4.0.5/jaxb-core-4.0.5.jar:/Users/sophiaaristizabal/.m2/repository/org/eclipse/angus/angus-activation/2.0.2/angus-activation-2.0.2.jar:/Users/sophiaaristizabal/.m2/repository/org/glassfish/jaxb/txw2/4.0.5/txw2-4.0.5.jar:/Users/sophiaaristizabal/.m2/repository/com/sun/istack/istack-commons-runtime/4.1.2/istack-commons-runtime-4.1.2.jar:/Users/sophiaaristizabal/.m2/repository/jakarta/inject/jakarta.inject-api/2.0.1/jakarta.inject-api-2.0.1.jar:/Users/sophiaaristizabal/.m2/repository/org/antlr/antlr4-runtime/4.13.0/antlr4-runtime-4.13.0.jar:/Users/sophiaaristizabal/.m2/repository/org/springframework/data/spring-data-jpa/3.3.4/spring-data-jpa-3.3.4.jar:/Users/sophiaaristizabal/.m2/repository/org/springframework/data/spring-data-commons/3.3.4/spring-data-commons-3.3.4.jar:/Users/sophiaaristizabal/.m2/repository/org/springframework/spring-orm/6.1.13/spring-orm-6.1.13.jar:/Users/sophiaaristizabal/.m2/repository/org/springframework/spring-context/6.1.13/spring-context-6.1.13.jar:/Users/sophiaaristizabal/.m2/repository/org/springframework/spring-tx/6.1.13/spring-tx-6.1.13.jar:/Users/sophiaaristizabal/.m2/repository/org/springframework/spring-beans/6.1.13/spring-beans-6.1.13.jar:/Users/sophiaaristizabal/.m2/repository/jakarta/annotation/jakarta.annotation-api/2.1.1/jakarta.annotation-api-2.1.1.jar:/Users/sophiaaristizabal/.m2/repository/org/slf4j/slf4j-api/2.0.16/slf4j-api-2.0.16.jar:/Users/sophiaaristizabal/.m2/repository/org/springframework/spring-aspects/6.1.13/spring-aspects-6.1.13.jar:/Users/sophiaaristizabal/.m2/repository/org/springframework/boot/spring-boot-starter-web/3.3.4/spring-boot-starter-web-3.3.4.jar:/Users/sophiaaristizabal/.m2/repository/org/springframework/boot/spring-boot-starter/3.3.4/spring-boot-starter-3.3.4.jar:/Users/sophiaaristizabal/.m2/repository/org/springframework/boot/spring-boot-starter-logging/3.3.4/spring-boot-starter-logging-3.3.4.jar:/Users/sophiaaristizabal/.m2/repository/ch/qos/logback/logback-classic/1.5.8/logback-classic-1.5.8.jar:/Users/sophiaaristizabal/.m2/repository/ch/qos/logback/logback-core/1.5.8/logback-core-1.5.8.jar:/Users/sophiaaristizabal/.m2/repository/org/apache/logging/log4j/log4j-to-slf4j/2.23.1/log4j-to-slf4j-2.23.1.jar:/Users/sophiaaristizabal/.m2/repository/org/apache/logging/log4j/log4j-api/2.23.1/log4j-api-2.23.1.jar:/Users/sophiaaristizabal/.m2/repository/org/slf4j/jul-to-slf4j/2.0.16/jul-to-slf4j-2.0.16.jar:/Users/sophiaaristizabal/.m2/repository/org/yaml/snakeyaml/2.2/snakeyaml-2.2.jar:/Users/sophiaaristizabal/.m2/repository/org/springframework/boot/spring-boot-starter-json/3.3.4/spring-boot-starter-json-3.3.4.jar:/Users/sophiaaristizabal/.m2/repository/com/fasterxml/jackson/datatype/jackson-datatype-jdk8/2.17.2/jackson-datatype-jdk8-2.17.2.jar:/Users/sophiaaristizabal/.m2/repository/com/fasterxml/jackson/datatype/jackson-datatype-jsr310/2.17.2/jackson-datatype-jsr310-2.17.2.jar:/Users/sophiaaristizabal/.m2/repository/com/fasterxml/jackson/module/jackson-module-parameter-names/2.17.2/jackson-module-parameter-names-2.17.2.jar:/Users/sophiaaristizabal/.m2/repository/org/springframework/boot/spring-boot-starter-tomcat/3.3.4/spring-boot-starter-tomcat-3.3.4.jar:/Users/sophiaaristizabal/.m2/repository/org/apache/tomcat/embed/tomcat-embed-core/10.1.30/tomcat-embed-core-10.1.30.jar:/Users/sophiaaristizabal/.m2/repository/org/apache/tomcat/embed/tomcat-embed-el/10.1.30/tomcat-embed-el-10.1.30.jar:/Users/sophiaaristizabal/.m2/repository/org/apache/tomcat/embed/tomcat-embed-websocket/10.1.30/tomcat-embed-websocket-10.1.30.jar:/Users/sophiaaristizabal/.m2/repository/org/springframework/spring-web/6.1.13/spring-web-6.1.13.jar:/Users/sophiaaristizabal/.m2/repository/io/micrometer/micrometer-observation/1.13.4/micrometer-observation-1.13.4.jar:/Users/sophiaaristizabal/.m2/repository/io/micrometer/micrometer-commons/1.13.4/micrometer-commons-1.13.4.jar:/Users/sophiaaristizabal/.m2/repository/org/springframework/spring-webmvc/6.1.13/spring-webmvc-6.1.13.jar:/Users/sophiaaristizabal/.m2/repository/org/springframework/spring-expression/6.1.13/spring-expression-6.1.13.jar:/Users/sophiaaristizabal/.m2/repository/javax/validation/validation-api/2.0.1.Final/validation-api-2.0.1.Final.jar:/Users/sophiaaristizabal/.m2/repository/org/springframework/boot/spring-boot-devtools/3.3.4/spring-boot-devtools-3.3.4.jar:/Users/sophiaaristizabal/.m2/repository/org/springframework/boot/spring-boot/3.3.4/spring-boot-3.3.4.jar:/Users/sophiaaristizabal/.m2/repository/org/springframework/boot/spring-boot-autoconfigure/3.3.4/spring-boot-autoconfigure-3.3.4.jar:/Users/sophiaaristizabal/.m2/repository/org/projectlombok/lombok/1.18.34/lombok-1.18.34.jar:/Users/sophiaaristizabal/.m2/repository/org/springframework/boot/spring-boot-starter-test/3.3.4/spring-boot-starter-test-3.3.4.jar:/Users/sophiaaristizabal/.m2/repository/org/springframework/boot/spring-boot-test/3.3.4/spring-boot-test-3.3.4.jar:/Users/sophiaaristizabal/.m2/repository/org/springframework/boot/spring-boot-test-autoconfigure/3.3.4/spring-boot-test-autoconfigure-3.3.4.jar:/Users/sophiaaristizabal/.m2/repository/com/jayway/jsonpath/json-path/2.9.0/json-path-2.9.0.jar:/Users/sophiaaristizabal/.m2/repository/jakarta/xml/bind/jakarta.xml.bind-api/4.0.2/jakarta.xml.bind-api-4.0.2.jar:/Users/sophiaaristizabal/.m2/repository/jakarta/activation/jakarta.activation-api/2.1.3/jakarta.activation-api-2.1.3.jar:/Users/sophiaaristizabal/.m2/repository/net/minidev/json-smart/2.5.1/json-smart-2.5.1.jar:/Users/sophiaaristizabal/.m2/repository/net/minidev/accessors-smart/2.5.1/accessors-smart-2.5.1.jar:/Users/sophiaaristizabal/.m2/repository/org/ow2/asm/asm/9.6/asm-9.6.jar:/Users/sophiaaristizabal/.m2/repository/org/assertj/assertj-core/3.25.3/assertj-core-3.25.3.jar:/Users/sophiaaristizabal/.m2/repository/org/awaitility/awaitility/4.2.2/awaitility-4.2.2.jar:/Users/sophiaaristizabal/.m2/repository/org/hamcrest/hamcrest/2.2/hamcrest-2.2.jar:/Users/sophiaaristizabal/.m2/repository/org/junit/jupiter/junit-jupiter/5.10.3/junit-jupiter-5.10.3.jar:/Users/sophiaaristizabal/.m2/repository/org/junit/jupiter/junit-jupiter-api/5.10.3/junit-jupiter-api-5.10.3.jar:/Users/sophiaaristizabal/.m2/repository/org/opentest4j/opentest4j/1.3.0/opentest4j-1.3.0.jar:/Users/sophiaaristizabal/.m2/repository/org/junit/platform/junit-platform-commons/1.10.3/junit-platform-commons-1.10.3.jar:/Users/sophiaaristizabal/.m2/repository/org/apiguardian/apiguardian-api/1.1.2/apiguardian-api-1.1.2.jar:/Users/sophiaaristizabal/.m2/repository/org/junit/jupiter/junit-jupiter-params/5.10.3/junit-jupiter-params-5.10.3.jar:/Users/sophiaaristizabal/.m2/repository/org/junit/jupiter/junit-jupiter-engine/5.10.3/junit-jupiter-engine-5.10.3.jar:/Users/sophiaaristizabal/.m2/repository/org/junit/platform/junit-platform-engine/1.10.3/junit-platform-engine-1.10.3.jar:/Users/sophiaaristizabal/.m2/repository/org/mockito/mockito-junit-jupiter/5.11.0/mockito-junit-jupiter-5.11.0.jar:/Users/sophiaaristizabal/.m2/repository/org/skyscreamer/jsonassert/1.5.3/jsonassert-1.5.3.jar:/Users/sophiaaristizabal/.m2/repository/com/vaadin/external/google/android-json/0.0.20131108.vaadin1/android-json-0.0.20131108.vaadin1.jar:/Users/sophiaaristizabal/.m2/repository/org/springframework/spring-core/6.1.13/spring-core-6.1.13.jar:/Users/sophiaaristizabal/.m2/repository/org/springframework/spring-jcl/6.1.13/spring-jcl-6.1.13.jar:/Users/sophiaaristizabal/.m2/repository/org/springframework/spring-test/6.1.13/spring-test-6.1.13.jar:/Users/sophiaaristizabal/.m2/repository/org/xmlunit/xmlunit-core/2.9.1/xmlunit-core-2.9.1.jar:/Users/sophiaaristizabal/.m2/repository/org/springframework/security/spring-security-test/6.1.5/spring-security-test-6.1.5.jar:/Users/sophiaaristizabal/.m2/repository/org/springframework/security/spring-security-core/6.1.5/spring-security-core-6.1.5.jar:/Users/sophiaaristizabal/.m2/repository/org/springframework/security/spring-security-crypto/6.1.5/spring-security-crypto-6.1.5.jar:/Users/sophiaaristizabal/.m2/repository/org/springframework/security/spring-security-web/6.1.5/spring-security-web-6.1.5.jar:/Users/sophiaaristizabal/.m2/repository/com/h2database/h2/2.2.224/h2-2.2.224.jar:/Users/sophiaaristizabal/.m2/repository/org/postgresql/postgresql/42.7.4/postgresql-42.7.4.jar:/Users/sophiaaristizabal/.m2/repository/org/checkerframework/checker-qual/3.42.0/checker-qual-3.42.0.jar:/Users/sophiaaristizabal/.m2/repository/org/springdoc/springdoc-openapi-starter-webmvc-ui/2.1.0/springdoc-openapi-starter-webmvc-ui-2.1.0.jar:/Users/sophiaaristizabal/.m2/repository/org/springdoc/springdoc-openapi-starter-webmvc-api/2.1.0/springdoc-openapi-starter-webmvc-api-2.1.0.jar:/Users/sophiaaristizabal/.m2/repository/org/springdoc/springdoc-openapi-starter-common/2.1.0/springdoc-openapi-starter-common-2.1.0.jar:/Users/sophiaaristizabal/.m2/repository/io/swagger/core/v3/swagger-core-jakarta/2.2.9/swagger-core-jakarta-2.2.9.jar:/Users/sophiaaristizabal/.m2/repository/org/apache/commons/commons-lang3/3.14.0/commons-lang3-3.14.0.jar:/Users/sophiaaristizabal/.m2/repository/io/swagger/core/v3/swagger-annotations-jakarta/2.2.9/swagger-annotations-jakarta-2.2.9.jar:/Users/sophiaaristizabal/.m2/repository/io/swagger/core/v3/swagger-models-jakarta/2.2.9/swagger-models-jakarta-2.2.9.jar:/Users/sophiaaristizabal/.m2/repository/jakarta/validation/jakarta.validation-api/3.0.2/jakarta.validation-api-3.0.2.jar:/Users/sophiaaristizabal/.m2/repository/com/fasterxml/jackson/dataformat/jackson-dataformat-yaml/2.17.2/jackson-dataformat-yaml-2.17.2.jar:/Users/sophiaaristizabal/.m2/repository/org/webjars/swagger-ui/4.18.2/swagger-ui-4.18.2.jar:/Users/sophiaaristizabal/.m2/repository/org/mockito/mockito-core/5.11.0/mockito-core-5.11.0.jar:/Users/sophiaaristizabal/.m2/repository/net/bytebuddy/byte-buddy/1.14.19/byte-buddy-1.14.19.jar:/Users/sophiaaristizabal/.m2/repository/net/bytebuddy/byte-buddy-agent/1.14.19/byte-buddy-agent-1.14.19.jar:/Users/sophiaaristizabal/.m2/repository/org/objenesis/objenesis/3.3/objenesis-3.3.jar:/Users/sophiaaristizabal/.m2/repository/com/fasterxml/jackson/core/jackson-databind/2.17.2/jackson-databind-2.17.2.jar:/Users/sophiaaristizabal/.m2/repository/com/fasterxml/jackson/core/jackson-core/2.17.2/jackson-core-2.17.2.jar:/Users/sophiaaristizabal/.m2/repository/com/fasterxml/jackson/core/jackson-annotations/2.17.2/jackson-annotations-2.17.2.jar:/Users/sophiaaristizabal/.m2/repository/org/springframework/boot/spring-boot-starter-security/3.3.4/spring-boot-starter-security-3.3.4.jar:/Users/sophiaaristizabal/.m2/repository/org/springframework/spring-aop/6.1.13/spring-aop-6.1.13.jar:/Users/sophiaaristizabal/.m2/repository/org/springframework/security/spring-security-config/6.1.5/spring-security-config-6.1.5.jar:/Users/sophiaaristizabal/.m2/repository/io/jsonwebtoken/jjwt-impl/0.11.5/jjwt-impl-0.11.5.jar:/Users/sophiaaristizabal/.m2/repository/io/jsonwebtoken/jjwt-api/0.11.5/jjwt-api-0.11.5.jar:/Users/sophiaaristizabal/.m2/repository/io/jsonwebtoken/jjwt-jackson/0.11.5/jjwt-jackson-0.11.5.jar:"/>
    <property name="sun.cpu.endian" value="little"/>
    <property name="user.home" value="/Users/sophiaaristizabal"/>
    <property name="user.language" value="en"/>
    <property name="java.specification.vendor" value="Oracle Corporation"/>
    <property name="java.version.date" value="2023-10-17"/>
    <property name="java.home" value="/opt/homebrew/Cellar/openjdk/21.0.1/libexec/openjdk.jdk/Contents/Home"/>
    <property name="file.separator" value="/"/>
    <property name="basedir" value="/Users/sophiaaristizabal/Documents/GitHub/back-admin/demo"/>
    <property name="java.vm.compressedOopsMode" value="Zero based"/>
    <property name="line.separator" value="&#10;"/>
    <property name="java.vm.specification.vendor" value="Oracle Corporation"/>
    <property name="java.specification.name" value="Java Platform API Specification"/>
    <property name="FILE_LOG_CHARSET" value="UTF-8"/>
    <property name="spring-boot.run.profiles" value="test"/>
    <property name="java.awt.headless" value="true"/>
    <property name="apple.awt.application.name" value="ForkedBooter"/>
    <property name="surefire.real.class.path" value="/Users/sophiaaristizabal/Documents/GitHub/back-admin/demo/target/surefire/surefirebooter-20241003194718374_3.jar"/>
    <property name="sun.management.compiler" value="HotSpot 64-Bit Tiered Compilers"/>
    <property name="ftp.nonProxyHosts" value="local|*.local|169.254/16|*.169.254/16"/>
    <property name="java.runtime.version" value="21.0.1"/>
    <property name="user.name" value="sophiaaristizabal"/>
    <property name="stdout.encoding" value="UTF-8"/>
    <property name="path.separator" value=":"/>
    <property name="os.version" value="14.6.1"/>
    <property name="java.runtime.name" value="OpenJDK Runtime Environment"/>
    <property name="file.encoding" value="UTF-8"/>
    <property name="java.vm.name" value="OpenJDK 64-Bit Server VM"/>
    <property name="java.vendor.version" value="Homebrew"/>
    <property name="localRepository" value="/Users/sophiaaristizabal/.m2/repository"/>
    <property name="java.vendor.url.bug" value="https://github.com/Homebrew/homebrew-core/issues"/>
    <property name="java.io.tmpdir" value="/var/folders/25/nj50rqbj21l3b647bz06msc00000gn/T/"/>
    <property name="catalina.home" value="/private/var/folders/25/nj50rqbj21l3b647bz06msc00000gn/T/tomcat.8090.16223831475555456564"/>
    <property name="com.zaxxer.hikari.pool_number" value="1"/>
    <property name="java.version" value="21.0.1"/>
    <property name="user.dir" value="/Users/sophiaaristizabal/Documents/GitHub/back-admin/demo"/>
    <property name="os.arch" value="aarch64"/>
    <property name="java.vm.specification.name" value="Java Virtual Machine Specification"/>
    <property name="PID" value="49836"/>
    <property name="CONSOLE_LOG_CHARSET" value="UTF-8"/>
    <property name="catalina.base" value="/private/var/folders/25/nj50rqbj21l3b647bz06msc00000gn/T/tomcat.8090.16223831475555456564"/>
    <property name="native.encoding" value="UTF-8"/>
    <property name="java.library.path" value="/Users/sophiaaristizabal/Library/Java/Extensions:/Library/Java/Extensions:/Network/Library/Java/Extensions:/System/Library/Java/Extensions:/usr/lib/java:."/>
    <property name="java.vm.info" value="mixed mode, sharing"/>
    <property name="stderr.encoding" value="UTF-8"/>
    <property name="java.vendor" value="Homebrew"/>
    <property name="java.vm.version" value="21.0.1"/>
    <property name="sun.io.unicode.encoding" value="UnicodeBig"/>
    <property name="socksNonProxyHosts" value="local|*.local|169.254/16|*.169.254/16"/>
    <property name="java.class.version" value="65.0"/>
  </properties>
  <testcase name="testGetCoursesPageable" classname="com.innovatech.demo.CoursesControllerIntegrationTest" time="0.925">
    <system-out><![CDATA[19:47:18.973 [main] INFO org.springframework.test.context.support.AnnotationConfigContextLoaderUtils -- Could not detect default configuration classes for test class [com.innovatech.demo.CoursesControllerIntegrationTest]: CoursesControllerIntegrationTest does not declare any static, non-private, non-final, nested classes annotated with @Configuration.
19:47:19.064 [main] INFO org.springframework.boot.test.context.SpringBootTestContextBootstrapper -- Found @SpringBootConfiguration com.innovatech.demo.DemoApplication for test class com.innovatech.demo.CoursesControllerIntegrationTest
19:47:19.161 [main] INFO org.springframework.boot.devtools.restart.RestartApplicationListener -- Restart disabled due to context in which it is running

  .   ____          _            __ _ _
 /\\ / ___'_ __ _ _(_)_ __  __ _ \ \ \ \
( ( )\___ | '_ | '_| | '_ \/ _` | \ \ \ \
 \\/  ___)| |_)| | | | | || (_| |  ) ) ) )
  '  |____| .__|_| |_|_| |_\__, | / / / /
 =========|_|==============|___/=/_/_/_/

 :: Spring Boot ::                (v3.3.4)

2024-10-03T19:47:19.344-05:00  INFO 49836 --- [           main] c.i.d.CoursesControllerIntegrationTest   : Starting CoursesControllerIntegrationTest using Java 21.0.1 with PID 49836 (started by sophiaaristizabal in /Users/sophiaaristizabal/Documents/GitHub/back-admin/demo)
2024-10-03T19:47:19.345-05:00  INFO 49836 --- [           main] c.i.d.CoursesControllerIntegrationTest   : The following 1 profile is active: "test"
2024-10-03T19:47:19.944-05:00  INFO 49836 --- [           main] .s.d.r.c.RepositoryConfigurationDelegate : Bootstrapping Spring Data JPA repositories in DEFAULT mode.
2024-10-03T19:47:19.999-05:00  INFO 49836 --- [           main] .s.d.r.c.RepositoryConfigurationDelegate : Finished Spring Data repository scanning in 48 ms. Found 11 JPA repository interfaces.
2024-10-03T19:47:20.438-05:00  INFO 49836 --- [           main] o.s.b.w.embedded.tomcat.TomcatWebServer  : Tomcat initialized with port 8090 (http)
2024-10-03T19:47:20.450-05:00  INFO 49836 --- [           main] o.apache.catalina.core.StandardService   : Starting service [Tomcat]
2024-10-03T19:47:20.451-05:00  INFO 49836 --- [           main] o.apache.catalina.core.StandardEngine    : Starting Servlet engine: [Apache Tomcat/10.1.30]
2024-10-03T19:47:20.494-05:00  INFO 49836 --- [           main] o.a.c.c.C.[Tomcat].[localhost].[/]       : Initializing Spring embedded WebApplicationContext
2024-10-03T19:47:20.495-05:00  INFO 49836 --- [           main] w.s.c.ServletWebServerApplicationContext : Root WebApplicationContext: initialization completed in 1139 ms
2024-10-03T19:47:20.528-05:00  INFO 49836 --- [           main] com.zaxxer.hikari.HikariDataSource       : HikariPool-1 - Starting...
2024-10-03T19:47:20.723-05:00  INFO 49836 --- [           main] com.zaxxer.hikari.pool.HikariPool        : HikariPool-1 - Added connection conn0: url=jdbc:h2:file:./mydatabase user=SA
2024-10-03T19:47:20.724-05:00  INFO 49836 --- [           main] com.zaxxer.hikari.HikariDataSource       : HikariPool-1 - Start completed.
2024-10-03T19:47:20.733-05:00  INFO 49836 --- [           main] o.s.b.a.h2.H2ConsoleAutoConfiguration    : H2 console available at '/h2'. Database available at 'jdbc:h2:file:./mydatabase'
2024-10-03T19:47:20.843-05:00  INFO 49836 --- [           main] o.hibernate.jpa.internal.util.LogHelper  : HHH000204: Processing PersistenceUnitInfo [name: default]
2024-10-03T19:47:20.916-05:00  INFO 49836 --- [           main] org.hibernate.Version                    : HHH000412: Hibernate ORM core version 6.5.3.Final
2024-10-03T19:47:20.940-05:00  INFO 49836 --- [           main] o.h.c.internal.RegionFactoryInitiator    : HHH000026: Second-level cache disabled
2024-10-03T19:47:21.149-05:00  INFO 49836 --- [           main] o.s.o.j.p.SpringPersistenceUnitInfo      : No LoadTimeWeaver setup: ignoring JPA class transformer
2024-10-03T19:47:21.179-05:00  WARN 49836 --- [           main] org.hibernate.orm.deprecation            : HHH90000025: H2Dialect does not need to be specified explicitly using 'hibernate.dialect' (remove the property setting and it will be selected by default)
2024-10-03T19:47:21.798-05:00  INFO 49836 --- [           main] o.h.m.i.EntityInstantiatorPojoStandard   : HHH000182: No default (no-argument) constructor for class: com.innovatech.demo.Entity.Subscription (class must be instantiated by Interceptor)
2024-10-03T19:47:21.977-05:00  INFO 49836 --- [           main] o.h.e.t.j.p.i.JtaPlatformInitiator       : HHH000489: No JTA platform available (set 'hibernate.transaction.jta.platform' to enable JTA platform integration)
2024-10-03T19:47:21.987-05:00 DEBUG 49836 --- [           main] org.hibernate.SQL                        : drop table if exists administrative_employee cascade 
2024-10-03T19:47:21.991-05:00 DEBUG 49836 --- [           main] org.hibernate.SQL                        : drop table if exists course cascade 
2024-10-03T19:47:21.992-05:00 DEBUG 49836 --- [           main] org.hibernate.SQL                        : drop table if exists course_entrepreneurship cascade 
2024-10-03T19:47:21.993-05:00 DEBUG 49836 --- [           main] org.hibernate.SQL                        : drop table if exists entrepreneurship cascade 
2024-10-03T19:47:21.993-05:00 DEBUG 49836 --- [           main] org.hibernate.SQL                        : drop table if exists entrepreneurship_event_registry cascade 
2024-10-03T19:47:21.994-05:00 DEBUG 49836 --- [           main] org.hibernate.SQL                        : drop table if exists event cascade 
2024-10-03T19:47:21.995-05:00 DEBUG 49836 --- [           main] org.hibernate.SQL                        : drop table if exists functionality cascade 
2024-10-03T19:47:21.995-05:00 DEBUG 49836 --- [           main] org.hibernate.SQL                        : drop table if exists plan cascade 
2024-10-03T19:47:21.996-05:00 DEBUG 49836 --- [           main] org.hibernate.SQL                        : drop table if exists plan_functionality cascade 
2024-10-03T19:47:21.997-05:00 DEBUG 49836 --- [           main] org.hibernate.SQL                        : drop table if exists role cascade 
2024-10-03T19:47:21.998-05:00 DEBUG 49836 --- [           main] org.hibernate.SQL                        : drop table if exists subscription cascade 
2024-10-03T19:47:21.999-05:00 DEBUG 49836 --- [           main] org.hibernate.SQL                        : drop table if exists user_entity cascade 
2024-10-03T19:47:21.999-05:00 DEBUG 49836 --- [           main] org.hibernate.SQL                        : drop sequence if exists course_entrepreneurship_seq
2024-10-03T19:47:22.004-05:00 DEBUG 49836 --- [           main] org.hibernate.SQL                        : create sequence course_entrepreneurship_seq start with 1 increment by 50
2024-10-03T19:47:22.006-05:00 DEBUG 49836 --- [           main] org.hibernate.SQL                        : create table administrative_employee (id bigint generated by default as identity, user_id bigint not null unique, primary key (id))
2024-10-03T19:47:22.009-05:00 DEBUG 49836 --- [           main] org.hibernate.SQL                        : create table course (places integer not null, score float(24), date timestamp(6) not null, id bigint generated by default as identity, description varchar(255) not null, link varchar(255) not null, title varchar(255) not null unique, modality VARCHAR(255) CHECK (modality IN ('virtual', 'presencial')) not null, primary key (id))
2024-10-03T19:47:22.010-05:00 DEBUG 49836 --- [           main] org.hibernate.SQL                        : create table course_entrepreneurship (puntaje integer not null, course_id bigint, entrepreneurship_id bigint, id bigint not null, primary key (id))
2024-10-03T19:47:22.011-05:00 DEBUG 49836 --- [           main] org.hibernate.SQL                        : create table entrepreneurship (id bigint generated by default as identity, description varchar(255), lastnames varchar(255), logo varchar(255), name varchar(255) not null unique, names varchar(255), primary key (id))
2024-10-03T19:47:22.012-05:00 DEBUG 49836 --- [           main] org.hibernate.SQL                        : create table entrepreneurship_event_registry (amount_paid float(53) not null, date timestamp(6) not null, id bigint generated by default as identity, id_event bigint not null, primary key (id))
2024-10-03T19:47:22.012-05:00 DEBUG 49836 --- [           main] org.hibernate.SQL                        : create table event (costo_local integer not null, earnings integer not null, quota integer, total_cost integer not null, id bigint generated by default as identity, date varchar(255) not null, modality varchar(255) not null, name varchar(255) not null, place varchar(255) not null, primary key (id))
2024-10-03T19:47:22.013-05:00 DEBUG 49836 --- [           main] org.hibernate.SQL                        : create table functionality (id bigint generated by default as identity, description varchar(255), name varchar(255), primary key (id))
2024-10-03T19:47:22.014-05:00 DEBUG 49836 --- [           main] org.hibernate.SQL                        : create table plan (price float(53), id bigint generated by default as identity, name varchar(255), primary key (id))
2024-10-03T19:47:22.019-05:00 DEBUG 49836 --- [           main] org.hibernate.SQL                        : create table plan_functionality (functionality_id bigint, id bigint generated by default as identity, plan_id bigint, primary key (id))
2024-10-03T19:47:22.020-05:00 DEBUG 49836 --- [           main] org.hibernate.SQL                        : create table role (id bigint generated by default as identity, name varchar(255) not null unique, primary key (id))
2024-10-03T19:47:22.021-05:00 DEBUG 49836 --- [           main] org.hibernate.SQL                        : create table subscription (amount float(53), expiration_date date, initial_date date, id bigint generated by default as identity, id_plan bigint not null, primary key (id))
2024-10-03T19:47:22.022-05:00 DEBUG 49836 --- [           main] org.hibernate.SQL                        : create table user_entity (id_card integer not null unique, administrative_employee_id bigint unique, id bigint generated by default as identity, role_id bigint not null, email varchar(255) not null unique, name varchar(255), password varchar(255) not null, primary key (id))
2024-10-03T19:47:22.024-05:00 DEBUG 49836 --- [           main] org.hibernate.SQL                        : alter table if exists administrative_employee add constraint FKo8v1usqwn3nxmiw2brinilg5p foreign key (user_id) references user_entity
2024-10-03T19:47:22.031-05:00 DEBUG 49836 --- [           main] org.hibernate.SQL                        : alter table if exists course_entrepreneurship add constraint FKc9944b6tjet15vigib9cbq4rc foreign key (course_id) references course
2024-10-03T19:47:22.033-05:00 DEBUG 49836 --- [           main] org.hibernate.SQL                        : alter table if exists course_entrepreneurship add constraint FK73b6ip3vqenl2xmk21s5fxutd foreign key (entrepreneurship_id) references entrepreneurship
2024-10-03T19:47:22.034-05:00 DEBUG 49836 --- [           main] org.hibernate.SQL                        : alter table if exists entrepreneurship_event_registry add constraint FKrljd4l23e5d5l8h9bt4cj3hl9 foreign key (id_event) references event
2024-10-03T19:47:22.035-05:00 DEBUG 49836 --- [           main] org.hibernate.SQL                        : alter table if exists plan_functionality add constraint FK3kckbmw1sgvafmqyn2mixhlem foreign key (functionality_id) references functionality
2024-10-03T19:47:22.036-05:00 DEBUG 49836 --- [           main] org.hibernate.SQL                        : alter table if exists plan_functionality add constraint FKf41bspsgwy5v5n2mym42ia1tk foreign key (plan_id) references plan
2024-10-03T19:47:22.037-05:00 DEBUG 49836 --- [           main] org.hibernate.SQL                        : alter table if exists subscription add constraint FKqmcvpkvxw4md0eya9u1xv3d9c foreign key (id_plan) references plan
2024-10-03T19:47:22.038-05:00 DEBUG 49836 --- [           main] org.hibernate.SQL                        : alter table if exists user_entity add constraint FK7f0g0o0keoihj7qmpxp2blua3 foreign key (administrative_employee_id) references administrative_employee
2024-10-03T19:47:22.039-05:00 DEBUG 49836 --- [           main] org.hibernate.SQL                        : alter table if exists user_entity add constraint FKpostrnt7qdgc4m56i71qlkl61 foreign key (role_id) references role
2024-10-03T19:47:22.042-05:00  INFO 49836 --- [           main] j.LocalContainerEntityManagerFactoryBean : Initialized JPA EntityManagerFactory for persistence unit 'default'
2024-10-03T19:47:22.231-05:00  INFO 49836 --- [           main] o.s.d.j.r.query.QueryEnhancerFactory     : Hibernate is in classpath; If applicable, HQL parser will be used.
2024-10-03T19:47:22.908-05:00  WARN 49836 --- [           main] JpaBaseConfiguration$JpaWebConfiguration : spring.jpa.open-in-view is enabled by default. Therefore, database queries may be performed during view rendering. Explicitly configure spring.jpa.open-in-view to disable this warning
2024-10-03T19:47:22.972-05:00  INFO 49836 --- [           main] o.s.s.web.DefaultSecurityFilterChain     : Will secure any request with [org.springframework.security.web.session.DisableEncodeUrlFilter@204bd52d, org.springframework.security.web.context.request.async.WebAsyncManagerIntegrationFilter@72bf63a, org.springframework.security.web.context.SecurityContextHolderFilter@2dca3c72, org.springframework.security.web.header.HeaderWriterFilter@65c2610f, org.springframework.security.web.authentication.logout.LogoutFilter@312eb, com.innovatech.demo.Security.JWTAuthenticationFilter@76b5b1e2, org.springframework.security.web.savedrequest.RequestCacheAwareFilter@66abb7d4, org.springframework.security.web.servletapi.SecurityContextHolderAwareRequestFilter@7473cf13, org.springframework.security.web.authentication.AnonymousAuthenticationFilter@2162b22d, org.springframework.security.web.session.SessionManagementFilter@10ac5a14, org.springframework.security.web.access.ExceptionTranslationFilter@780ccdc9, org.springframework.security.web.access.intercept.AuthorizationFilter@274010fe]
2024-10-03T19:47:23.366-05:00  INFO 49836 --- [           main] o.s.b.w.embedded.tomcat.TomcatWebServer  : Tomcat started on port 8090 (http) with context path '/'
2024-10-03T19:47:23.375-05:00  INFO 49836 --- [           main] c.i.d.CoursesControllerIntegrationTest   : Started CoursesControllerIntegrationTest in 4.223 seconds (process running for 4.942)
2024-10-03T19:47:23.398-05:00 DEBUG 49836 --- [           main] org.hibernate.SQL                        : insert into role (name,id) values (?,default)
2024-10-03T19:47:23.430-05:00 DEBUG 49836 --- [           main] org.hibernate.SQL                        : insert into role (name,id) values (?,default)
2024-10-03T19:47:23.431-05:00 DEBUG 49836 --- [           main] org.hibernate.SQL                        : insert into role (name,id) values (?,default)
2024-10-03T19:47:23.432-05:00 DEBUG 49836 --- [           main] org.hibernate.SQL                        : insert into role (name,id) values (?,default)
2024-10-03T19:47:23.433-05:00 DEBUG 49836 --- [           main] org.hibernate.SQL                        : insert into role (name,id) values (?,default)
2024-10-03T19:47:23.433-05:00 DEBUG 49836 --- [           main] org.hibernate.SQL                        : insert into role (name,id) values (?,default)
2024-10-03T19:47:23.434-05:00 DEBUG 49836 --- [           main] org.hibernate.SQL                        : insert into role (name,id) values (?,default)
2024-10-03T19:47:23.434-05:00 DEBUG 49836 --- [           main] org.hibernate.SQL                        : insert into role (name,id) values (?,default)
2024-10-03T19:47:23.435-05:00 DEBUG 49836 --- [           main] org.hibernate.SQL                        : insert into role (name,id) values (?,default)
2024-10-03T19:47:23.435-05:00 DEBUG 49836 --- [           main] org.hibernate.SQL                        : insert into role (name,id) values (?,default)
2024-10-03T19:47:23.501-05:00 DEBUG 49836 --- [           main] org.hibernate.SQL                        : select r1_0.id,r1_0.name from role r1_0 where r1_0.name=?
2024-10-03T19:47:23.656-05:00 DEBUG 49836 --- [           main] org.hibernate.SQL                        : insert into user_entity (administrative_employee_id,email,id_card,name,password,role_id,id) values (?,?,?,?,?,?,default)
2024-10-03T19:47:23.661-05:00 DEBUG 49836 --- [           main] org.hibernate.SQL                        : insert into administrative_employee (user_id,id) values (?,default)
2024-10-03T19:47:23.663-05:00 DEBUG 49836 --- [           main] org.hibernate.SQL                        : insert into functionality (description,name,id) values (?,?,default)
2024-10-03T19:47:23.664-05:00 DEBUG 49836 --- [           main] org.hibernate.SQL                        : insert into functionality (description,name,id) values (?,?,default)
2024-10-03T19:47:23.665-05:00 DEBUG 49836 --- [           main] org.hibernate.SQL                        : insert into functionality (description,name,id) values (?,?,default)
2024-10-03T19:47:23.665-05:00 DEBUG 49836 --- [           main] org.hibernate.SQL                        : insert into functionality (description,name,id) values (?,?,default)
2024-10-03T19:47:23.666-05:00 DEBUG 49836 --- [           main] org.hibernate.SQL                        : insert into functionality (description,name,id) values (?,?,default)
2024-10-03T19:47:23.667-05:00 DEBUG 49836 --- [           main] org.hibernate.SQL                        : insert into functionality (description,name,id) values (?,?,default)
2024-10-03T19:47:23.667-05:00 DEBUG 49836 --- [           main] org.hibernate.SQL                        : insert into functionality (description,name,id) values (?,?,default)
2024-10-03T19:47:23.667-05:00 DEBUG 49836 --- [           main] org.hibernate.SQL                        : insert into functionality (description,name,id) values (?,?,default)
2024-10-03T19:47:23.668-05:00 DEBUG 49836 --- [           main] org.hibernate.SQL                        : insert into functionality (description,name,id) values (?,?,default)
2024-10-03T19:47:23.668-05:00 DEBUG 49836 --- [           main] org.hibernate.SQL                        : insert into functionality (description,name,id) values (?,?,default)
2024-10-03T19:47:23.670-05:00 DEBUG 49836 --- [           main] org.hibernate.SQL                        : insert into plan (name,price,id) values (?,?,default)
2024-10-03T19:47:23.671-05:00 DEBUG 49836 --- [           main] org.hibernate.SQL                        : insert into plan_functionality (functionality_id,plan_id,id) values (?,?,default)
2024-10-03T19:47:23.672-05:00 DEBUG 49836 --- [           main] org.hibernate.SQL                        : insert into plan (name,price,id) values (?,?,default)
2024-10-03T19:47:23.673-05:00 DEBUG 49836 --- [           main] org.hibernate.SQL                        : insert into plan_functionality (functionality_id,plan_id,id) values (?,?,default)
2024-10-03T19:47:23.673-05:00 DEBUG 49836 --- [           main] org.hibernate.SQL                        : insert into plan_functionality (functionality_id,plan_id,id) values (?,?,default)
2024-10-03T19:47:23.674-05:00 DEBUG 49836 --- [           main] org.hibernate.SQL                        : insert into plan (name,price,id) values (?,?,default)
2024-10-03T19:47:23.675-05:00 DEBUG 49836 --- [           main] org.hibernate.SQL                        : insert into plan_functionality (functionality_id,plan_id,id) values (?,?,default)
2024-10-03T19:47:23.675-05:00 DEBUG 49836 --- [           main] org.hibernate.SQL                        : insert into plan_functionality (functionality_id,plan_id,id) values (?,?,default)
2024-10-03T19:47:23.676-05:00 DEBUG 49836 --- [           main] org.hibernate.SQL                        : insert into plan_functionality (functionality_id,plan_id,id) values (?,?,default)
2024-10-03T19:47:23.677-05:00 DEBUG 49836 --- [           main] org.hibernate.SQL                        : insert into event (costo_local,date,earnings,modality,name,place,quota,total_cost,id) values (?,?,?,?,?,?,?,?,default)
2024-10-03T19:47:23.678-05:00 DEBUG 49836 --- [           main] org.hibernate.SQL                        : insert into event (costo_local,date,earnings,modality,name,place,quota,total_cost,id) values (?,?,?,?,?,?,?,?,default)
2024-10-03T19:47:23.679-05:00 DEBUG 49836 --- [           main] org.hibernate.SQL                        : insert into event (costo_local,date,earnings,modality,name,place,quota,total_cost,id) values (?,?,?,?,?,?,?,?,default)
2024-10-03T19:47:23.679-05:00 DEBUG 49836 --- [           main] org.hibernate.SQL                        : insert into event (costo_local,date,earnings,modality,name,place,quota,total_cost,id) values (?,?,?,?,?,?,?,?,default)
2024-10-03T19:47:23.680-05:00 DEBUG 49836 --- [           main] org.hibernate.SQL                        : insert into event (costo_local,date,earnings,modality,name,place,quota,total_cost,id) values (?,?,?,?,?,?,?,?,default)
Uploading entrepreneurships
2024-10-03T19:47:23.681-05:00 DEBUG 49836 --- [           main] org.hibernate.SQL                        : insert into entrepreneurship (description,lastnames,logo,name,names,id) values (?,?,?,?,?,default)
2024-10-03T19:47:23.682-05:00 DEBUG 49836 --- [           main] org.hibernate.SQL                        : insert into entrepreneurship (description,lastnames,logo,name,names,id) values (?,?,?,?,?,default)
Uploading courses
2024-10-03T19:47:23.687-05:00 DEBUG 49836 --- [           main] org.hibernate.SQL                        : select e1_0.id,e1_0.description,e1_0.lastnames,e1_0.logo,e1_0.name,e1_0.names from entrepreneurship e1_0
2024-10-03T19:47:23.689-05:00 DEBUG 49836 --- [           main] org.hibernate.SQL                        : select next value for course_entrepreneurship_seq
2024-10-03T19:47:23.692-05:00 DEBUG 49836 --- [           main] org.hibernate.SQL                        : select next value for course_entrepreneurship_seq
2024-10-03T19:47:23.693-05:00 DEBUG 49836 --- [           main] org.hibernate.SQL                        : insert into course_entrepreneurship (course_id,entrepreneurship_id,puntaje,id) values (?,?,?,?)
2024-10-03T19:47:23.695-05:00 DEBUG 49836 --- [           main] org.hibernate.SQL                        : insert into course_entrepreneurship (course_id,entrepreneurship_id,puntaje,id) values (?,?,?,?)
2024-10-03T19:47:23.695-05:00 DEBUG 49836 --- [           main] org.hibernate.SQL                        : insert into course (date,description,link,modality,places,score,title,id) values (?,?,?,?,?,?,?,default)
2024-10-03T19:47:23.697-05:00 DEBUG 49836 --- [           main] org.hibernate.SQL                        : insert into course_entrepreneurship (course_id,entrepreneurship_id,puntaje,id) values (?,?,?,?)
2024-10-03T19:47:23.697-05:00 DEBUG 49836 --- [           main] org.hibernate.SQL                        : insert into course_entrepreneurship (course_id,entrepreneurship_id,puntaje,id) values (?,?,?,?)
2024-10-03T19:47:23.698-05:00 DEBUG 49836 --- [           main] org.hibernate.SQL                        : insert into course (date,description,link,modality,places,score,title,id) values (?,?,?,?,?,?,?,default)
all data uploaded
2024-10-03T19:47:23.703-05:00 DEBUG 49836 --- [           main] org.hibernate.SQL                        : update course_entrepreneurship set course_id=?,entrepreneurship_id=?,puntaje=? where id=?
2024-10-03T19:47:23.706-05:00 DEBUG 49836 --- [           main] org.hibernate.SQL                        : update course_entrepreneurship set course_id=?,entrepreneurship_id=?,puntaje=? where id=?
2024-10-03T19:47:23.707-05:00 DEBUG 49836 --- [           main] org.hibernate.SQL                        : update course_entrepreneurship set course_id=?,entrepreneurship_id=?,puntaje=? where id=?
2024-10-03T19:47:23.707-05:00 DEBUG 49836 --- [           main] org.hibernate.SQL                        : update course_entrepreneurship set course_id=?,entrepreneurship_id=?,puntaje=? where id=?
Uploading entrepreneurships
Uploading courses
2024-10-03T19:47:24.194-05:00  INFO 49836 --- [nio-8090-exec-1] o.a.c.c.C.[Tomcat].[localhost].[/]       : Initializing Spring DispatcherServlet 'dispatcherServlet'
2024-10-03T19:47:24.195-05:00  INFO 49836 --- [nio-8090-exec-1] o.s.web.servlet.DispatcherServlet        : Initializing Servlet 'dispatcherServlet'
2024-10-03T19:47:24.195-05:00  INFO 49836 --- [nio-8090-exec-1] o.s.web.servlet.DispatcherServlet        : Completed initialization in 0 ms
2024-10-03T19:47:24.367-05:00 DEBUG 49836 --- [nio-8090-exec-1] org.hibernate.SQL                        : select ue1_0.id,ue1_0.administrative_employee_id,ue1_0.email,ue1_0.id_card,ue1_0.name,ue1_0.password,ue1_0.role_id from user_entity ue1_0 where ue1_0.email=?
2024-10-03T19:47:24.372-05:00 DEBUG 49836 --- [nio-8090-exec-1] org.hibernate.SQL                        : select r1_0.id,r1_0.name from role r1_0 where r1_0.id=?
2024-10-03T19:47:24.516-05:00 DEBUG 49836 --- [nio-8090-exec-1] org.hibernate.SQL                        : select ue1_0.id,ue1_0.administrative_employee_id,ue1_0.email,ue1_0.id_card,ue1_0.name,ue1_0.password,ue1_0.role_id from user_entity ue1_0 where ue1_0.email=?
2024-10-03T19:47:24.592-05:00 DEBUG 49836 --- [nio-8090-exec-2] org.hibernate.SQL                        : select ue1_0.id,ue1_0.administrative_employee_id,ue1_0.email,ue1_0.id_card,ue1_0.name,ue1_0.password,ue1_0.role_id from user_entity ue1_0 where ue1_0.email=?
2024-10-03T19:47:24.593-05:00 DEBUG 49836 --- [nio-8090-exec-2] org.hibernate.SQL                        : select r1_0.id,r1_0.name from role r1_0 where r1_0.id=?
2024-10-03T19:47:24.599-05:00 DEBUG 49836 --- [nio-8090-exec-2] org.hibernate.SQL                        : select c1_0.id,c1_0.date,c1_0.description,c1_0.link,c1_0.modality,c1_0.places,c1_0.score,c1_0.title from course c1_0 offset ? rows fetch first ? rows only
2024-10-03T19:47:24.603-05:00 DEBUG 49836 --- [nio-8090-exec-2] org.hibernate.SQL                        : select count(c1_0.id) from course c1_0
2024-10-03T19:47:24.625-05:00 DEBUG 49836 --- [nio-8090-exec-3] org.hibernate.SQL                        : select ue1_0.id,ue1_0.administrative_employee_id,ue1_0.email,ue1_0.id_card,ue1_0.name,ue1_0.password,ue1_0.role_id from user_entity ue1_0 where ue1_0.email=?
2024-10-03T19:47:24.625-05:00 DEBUG 49836 --- [nio-8090-exec-3] org.hibernate.SQL                        : select r1_0.id,r1_0.name from role r1_0 where r1_0.id=?
2024-10-03T19:47:24.627-05:00 DEBUG 49836 --- [nio-8090-exec-3] org.hibernate.SQL                        : select c1_0.id,c1_0.date,c1_0.description,c1_0.link,c1_0.modality,c1_0.places,c1_0.score,c1_0.title from course c1_0 offset ? rows fetch first ? rows only
2024-10-03T19:47:24.628-05:00 DEBUG 49836 --- [nio-8090-exec-3] org.hibernate.SQL                        : select count(c1_0.id) from course c1_0
]]></system-out>
    <system-err><![CDATA[WARNING: A Java agent has been loaded dynamically (/Users/sophiaaristizabal/.m2/repository/net/bytebuddy/byte-buddy-agent/1.14.19/byte-buddy-agent-1.14.19.jar)
WARNING: If a serviceability tool is in use, please run with -XX:+EnableDynamicAgentLoading to hide this warning
WARNING: If a serviceability tool is not in use, please run with -Djdk.instrument.traceUsage for more information
WARNING: Dynamic loading of agents will be disallowed by default in a future release
eyJhbGciOiJIUzUxMiJ9.eyJzdWIiOiJhZG1pbkBleGFtcGxlLmNvbSIsImlhdCI6MTcyODAwMjg0NCwiZXhwIjoxNzI4MDA5ODQ0fQ.NsmGMzgDSMXW0IByyFOXe1QqTf2ENLc6EUOsEhQUbpzSJaEzrlKvjm2lHmFWFVoRcBvScCgTmBFhpunGPkPZdQ
]]></system-err>
  </testcase>
  <testcase name="onlyActiveCourses" classname="com.innovatech.demo.CoursesControllerIntegrationTest" time="0.152">
    <system-out><![CDATA[Uploading entrepreneurships
Uploading courses
2024-10-03T19:47:24.649-05:00 DEBUG 49836 --- [nio-8090-exec-4] org.hibernate.SQL                        : select ue1_0.id,ue1_0.administrative_employee_id,ue1_0.email,ue1_0.id_card,ue1_0.name,ue1_0.password,ue1_0.role_id from user_entity ue1_0 where ue1_0.email=?
2024-10-03T19:47:24.649-05:00 DEBUG 49836 --- [nio-8090-exec-4] org.hibernate.SQL                        : select r1_0.id,r1_0.name from role r1_0 where r1_0.id=?
2024-10-03T19:47:24.651-05:00 DEBUG 49836 --- [nio-8090-exec-4] org.hibernate.SQL                        : select ue1_0.id,ue1_0.administrative_employee_id,ue1_0.email,ue1_0.id_card,ue1_0.name,ue1_0.password,ue1_0.role_id from user_entity ue1_0 where ue1_0.email=?
2024-10-03T19:47:24.652-05:00 DEBUG 49836 --- [nio-8090-exec-4] org.hibernate.SQL                        : select r1_0.id,r1_0.name from role r1_0 where r1_0.id=?
2024-10-03T19:47:24.777-05:00 DEBUG 49836 --- [nio-8090-exec-4] org.hibernate.SQL                        : select ue1_0.id,ue1_0.administrative_employee_id,ue1_0.email,ue1_0.id_card,ue1_0.name,ue1_0.password,ue1_0.role_id from user_entity ue1_0 where ue1_0.email=?
2024-10-03T19:47:24.783-05:00 DEBUG 49836 --- [nio-8090-exec-5] org.hibernate.SQL                        : select ue1_0.id,ue1_0.administrative_employee_id,ue1_0.email,ue1_0.id_card,ue1_0.name,ue1_0.password,ue1_0.role_id from user_entity ue1_0 where ue1_0.email=?
2024-10-03T19:47:24.784-05:00 DEBUG 49836 --- [nio-8090-exec-5] org.hibernate.SQL                        : select r1_0.id,r1_0.name from role r1_0 where r1_0.id=?
2024-10-03T19:47:24.788-05:00 DEBUG 49836 --- [nio-8090-exec-5] org.hibernate.SQL                        : select c1_0.id,c1_0.date,c1_0.description,c1_0.link,c1_0.modality,c1_0.places,c1_0.score,c1_0.title from course c1_0 where c1_0.date>? fetch first ? rows only
]]></system-out>
    <system-err><![CDATA[eyJhbGciOiJIUzUxMiJ9.eyJzdWIiOiJhZG1pbkBleGFtcGxlLmNvbSIsImlhdCI6MTcyODAwMjg0NCwiZXhwIjoxNzI4MDA5ODQ0fQ.NsmGMzgDSMXW0IByyFOXe1QqTf2ENLc6EUOsEhQUbpzSJaEzrlKvjm2lHmFWFVoRcBvScCgTmBFhpunGPkPZdQ
]]></system-err>
  </testcase>
  <testcase name="getCourse" classname="com.innovatech.demo.CoursesControllerIntegrationTest" time="0.161">
    <system-out><![CDATA[Uploading entrepreneurships
Uploading courses
2024-10-03T19:47:24.799-05:00 DEBUG 49836 --- [nio-8090-exec-6] org.hibernate.SQL                        : select ue1_0.id,ue1_0.administrative_employee_id,ue1_0.email,ue1_0.id_card,ue1_0.name,ue1_0.password,ue1_0.role_id from user_entity ue1_0 where ue1_0.email=?
2024-10-03T19:47:24.800-05:00 DEBUG 49836 --- [nio-8090-exec-6] org.hibernate.SQL                        : select r1_0.id,r1_0.name from role r1_0 where r1_0.id=?
2024-10-03T19:47:24.802-05:00 DEBUG 49836 --- [nio-8090-exec-6] org.hibernate.SQL                        : select ue1_0.id,ue1_0.administrative_employee_id,ue1_0.email,ue1_0.id_card,ue1_0.name,ue1_0.password,ue1_0.role_id from user_entity ue1_0 where ue1_0.email=?
2024-10-03T19:47:24.803-05:00 DEBUG 49836 --- [nio-8090-exec-6] org.hibernate.SQL                        : select r1_0.id,r1_0.name from role r1_0 where r1_0.id=?
2024-10-03T19:47:24.928-05:00 DEBUG 49836 --- [nio-8090-exec-6] org.hibernate.SQL                        : select ue1_0.id,ue1_0.administrative_employee_id,ue1_0.email,ue1_0.id_card,ue1_0.name,ue1_0.password,ue1_0.role_id from user_entity ue1_0 where ue1_0.email=?
2024-10-03T19:47:24.937-05:00 DEBUG 49836 --- [nio-8090-exec-7] org.hibernate.SQL                        : select ue1_0.id,ue1_0.administrative_employee_id,ue1_0.email,ue1_0.id_card,ue1_0.name,ue1_0.password,ue1_0.role_id from user_entity ue1_0 where ue1_0.email=?
2024-10-03T19:47:24.938-05:00 DEBUG 49836 --- [nio-8090-exec-7] org.hibernate.SQL                        : select r1_0.id,r1_0.name from role r1_0 where r1_0.id=?
2024-10-03T19:47:24.942-05:00 DEBUG 49836 --- [nio-8090-exec-7] org.hibernate.SQL                        : select c1_0.id,c1_0.date,c1_0.description,c1_0.link,c1_0.modality,c1_0.places,c1_0.score,c1_0.title from course c1_0 where c1_0.id=?
2024-10-03T19:47:24.945-05:00 DEBUG 49836 --- [nio-8090-exec-7] org.hibernate.SQL                        : select ce1_0.course_id,ce1_0.id,e1_0.id,e1_0.description,e1_0.lastnames,e1_0.logo,e1_0.name,e1_0.names,ce1_0.puntaje from course_entrepreneurship ce1_0 left join entrepreneurship e1_0 on e1_0.id=ce1_0.entrepreneurship_id where ce1_0.course_id=?
]]></system-out>
    <system-err><![CDATA[eyJhbGciOiJIUzUxMiJ9.eyJzdWIiOiJhZG1pbkBleGFtcGxlLmNvbSIsImlhdCI6MTcyODAwMjg0NCwiZXhwIjoxNzI4MDA5ODQ0fQ.NsmGMzgDSMXW0IByyFOXe1QqTf2ENLc6EUOsEhQUbpzSJaEzrlKvjm2lHmFWFVoRcBvScCgTmBFhpunGPkPZdQ
]]></system-err>
  </testcase>
  <testcase name="testEditCourseWrongDate" classname="com.innovatech.demo.CoursesControllerIntegrationTest" time="0.182">
    <system-out><![CDATA[Uploading entrepreneurships
Uploading courses
2024-10-03T19:47:24.957-05:00 DEBUG 49836 --- [           main] org.hibernate.SQL                        : select c1_0.id,c1_0.date,c1_0.description,c1_0.link,c1_0.modality,c1_0.places,c1_0.score,c1_0.title from course c1_0 where c1_0.id=?
2024-10-03T19:47:24.964-05:00 DEBUG 49836 --- [nio-8090-exec-8] org.hibernate.SQL                        : select ue1_0.id,ue1_0.administrative_employee_id,ue1_0.email,ue1_0.id_card,ue1_0.name,ue1_0.password,ue1_0.role_id from user_entity ue1_0 where ue1_0.email=?
2024-10-03T19:47:24.964-05:00 DEBUG 49836 --- [nio-8090-exec-8] org.hibernate.SQL                        : select r1_0.id,r1_0.name from role r1_0 where r1_0.id=?
2024-10-03T19:47:24.967-05:00 DEBUG 49836 --- [nio-8090-exec-8] org.hibernate.SQL                        : select ue1_0.id,ue1_0.administrative_employee_id,ue1_0.email,ue1_0.id_card,ue1_0.name,ue1_0.password,ue1_0.role_id from user_entity ue1_0 where ue1_0.email=?
2024-10-03T19:47:24.967-05:00 DEBUG 49836 --- [nio-8090-exec-8] org.hibernate.SQL                        : select r1_0.id,r1_0.name from role r1_0 where r1_0.id=?
2024-10-03T19:47:25.098-05:00 DEBUG 49836 --- [nio-8090-exec-8] org.hibernate.SQL                        : select ue1_0.id,ue1_0.administrative_employee_id,ue1_0.email,ue1_0.id_card,ue1_0.name,ue1_0.password,ue1_0.role_id from user_entity ue1_0 where ue1_0.email=?
2024-10-03T19:47:25.105-05:00 DEBUG 49836 --- [nio-8090-exec-9] org.hibernate.SQL                        : select ue1_0.id,ue1_0.administrative_employee_id,ue1_0.email,ue1_0.id_card,ue1_0.name,ue1_0.password,ue1_0.role_id from user_entity ue1_0 where ue1_0.email=?
2024-10-03T19:47:25.105-05:00 DEBUG 49836 --- [nio-8090-exec-9] org.hibernate.SQL                        : select r1_0.id,r1_0.name from role r1_0 where r1_0.id=?
]]></system-out>
    <system-err><![CDATA[eyJhbGciOiJIUzUxMiJ9.eyJzdWIiOiJhZG1pbkBleGFtcGxlLmNvbSIsImlhdCI6MTcyODAwMjg0NSwiZXhwIjoxNzI4MDA5ODQ1fQ.zh7vHopPYmL0GNPCE_Qd-stq_Le3nIfHTE79GTKKcUBlShPKjgu2z3sdU_W1w2xCqSAwj8jF5q31USqylZBWtQ
]]></system-err>
  </testcase>
  <testcase name="testEditCourseWrongCapacity" classname="com.innovatech.demo.CoursesControllerIntegrationTest" time="0.149">
    <system-out><![CDATA[Uploading entrepreneurships
Uploading courses
2024-10-03T19:47:25.140-05:00 DEBUG 49836 --- [           main] org.hibernate.SQL                        : select c1_0.id,c1_0.date,c1_0.description,c1_0.link,c1_0.modality,c1_0.places,c1_0.score,c1_0.title from course c1_0 where c1_0.id=?
2024-10-03T19:47:25.145-05:00 DEBUG 49836 --- [io-8090-exec-10] org.hibernate.SQL                        : select ue1_0.id,ue1_0.administrative_employee_id,ue1_0.email,ue1_0.id_card,ue1_0.name,ue1_0.password,ue1_0.role_id from user_entity ue1_0 where ue1_0.email=?
2024-10-03T19:47:25.145-05:00 DEBUG 49836 --- [io-8090-exec-10] org.hibernate.SQL                        : select r1_0.id,r1_0.name from role r1_0 where r1_0.id=?
2024-10-03T19:47:25.147-05:00 DEBUG 49836 --- [io-8090-exec-10] org.hibernate.SQL                        : select ue1_0.id,ue1_0.administrative_employee_id,ue1_0.email,ue1_0.id_card,ue1_0.name,ue1_0.password,ue1_0.role_id from user_entity ue1_0 where ue1_0.email=?
2024-10-03T19:47:25.148-05:00 DEBUG 49836 --- [io-8090-exec-10] org.hibernate.SQL                        : select r1_0.id,r1_0.name from role r1_0 where r1_0.id=?
2024-10-03T19:47:25.274-05:00 DEBUG 49836 --- [io-8090-exec-10] org.hibernate.SQL                        : select ue1_0.id,ue1_0.administrative_employee_id,ue1_0.email,ue1_0.id_card,ue1_0.name,ue1_0.password,ue1_0.role_id from user_entity ue1_0 where ue1_0.email=?
2024-10-03T19:47:25.280-05:00 DEBUG 49836 --- [nio-8090-exec-1] org.hibernate.SQL                        : select ue1_0.id,ue1_0.administrative_employee_id,ue1_0.email,ue1_0.id_card,ue1_0.name,ue1_0.password,ue1_0.role_id from user_entity ue1_0 where ue1_0.email=?
2024-10-03T19:47:25.281-05:00 DEBUG 49836 --- [nio-8090-exec-1] org.hibernate.SQL                        : select r1_0.id,r1_0.name from role r1_0 where r1_0.id=?
2024-10-03T19:47:25.283-05:00 DEBUG 49836 --- [nio-8090-exec-1] org.hibernate.SQL                        : select c1_0.id,c1_0.date,c1_0.description,c1_0.link,c1_0.modality,c1_0.places,c1_0.score,c1_0.title from course c1_0 where c1_0.id=?
2024-10-03T19:47:25.283-05:00 DEBUG 49836 --- [nio-8090-exec-1] org.hibernate.SQL                        : select ce1_0.course_id,ce1_0.id,e1_0.id,e1_0.description,e1_0.lastnames,e1_0.logo,e1_0.name,e1_0.names,ce1_0.puntaje from course_entrepreneurship ce1_0 left join entrepreneurship e1_0 on e1_0.id=ce1_0.entrepreneurship_id where ce1_0.course_id=?
]]></system-out>
    <system-err><![CDATA[eyJhbGciOiJIUzUxMiJ9.eyJzdWIiOiJhZG1pbkBleGFtcGxlLmNvbSIsImlhdCI6MTcyODAwMjg0NSwiZXhwIjoxNzI4MDA5ODQ1fQ.zh7vHopPYmL0GNPCE_Qd-stq_Le3nIfHTE79GTKKcUBlShPKjgu2z3sdU_W1w2xCqSAwj8jF5q31USqylZBWtQ
]]></system-err>
  </testcase>
</testsuite>